<?xml version="1.0" encoding="UTF-8"?>
<testng-results skipped="0" failed="0" ignored="0" total="1" passed="1">
  <reporter-output>
  </reporter-output>
  <suite name="Suite" duration-ms="27146" started-at="2020-01-21T12:28:48 IST" finished-at="2020-01-21T12:29:16 IST">
    <groups>
    </groups>
    <test name="Test" duration-ms="27146" started-at="2020-01-21T12:28:48 IST" finished-at="2020-01-21T12:29:16 IST">
      <class name="jenkins.Jenkinsmaven">
        <test-method status="PASS" signature="faceBook()[pri:0, instance:jenkins.Jenkinsmaven@239963d8]" name="faceBook" duration-ms="27018" started-at="2020-01-21T12:28:49 IST" finished-at="2020-01-21T12:29:16 IST">
          <reporter-output>
          </reporter-output>
        </test-method> <!-- faceBook -->
      </class> <!-- jenkins.Jenkinsmaven -->
    </test> <!-- Test -->
  </suite> <!-- Suite -->
</testng-results>
