<?xml version="1.0" encoding="UTF-8"?>
<testng-results skipped="0" failed="0" ignored="0" total="1" passed="1">
  <reporter-output>
  </reporter-output>
  <suite name="Default suite" duration-ms="27820" started-at="2020-01-20T12:10:46 IST" finished-at="2020-01-20T12:11:14 IST">
    <groups>
    </groups>
    <test name="Default test" duration-ms="27820" started-at="2020-01-20T12:10:46 IST" finished-at="2020-01-20T12:11:14 IST">
      <class name="jenkins.Jenkinsmaven">
        <test-method status="PASS" signature="faceBook()[pri:0, instance:jenkins.Jenkinsmaven@23e028a9]" name="faceBook" duration-ms="27708" started-at="2020-01-20T12:10:46 IST" finished-at="2020-01-20T12:11:14 IST">
          <reporter-output>
          </reporter-output>
        </test-method> <!-- faceBook -->
      </class> <!-- jenkins.Jenkinsmaven -->
    </test> <!-- Default test -->
  </suite> <!-- Default suite -->
</testng-results>
